2024-05-28 02:10:14 Loading main app package /usr/lib/obsidian/obsidian.asar
2024-05-28 02:10:37 Checking for update using Github
2024-05-28 02:10:45 Success.
2024-05-28 02:10:45 Latest version is 1.5.12
2024-05-28 02:10:45 App is up to date.
2024-05-28 03:10:16 Checking for update using Github
2024-05-28 03:10:19 Success.
2024-05-28 03:10:19 Latest version is 1.5.12
2024-05-28 03:10:19 App is up to date.
2024-05-28 04:10:15 Checking for update using Github
2024-05-28 04:10:17 Success.
2024-05-28 04:10:17 Latest version is 1.5.12
2024-05-28 04:10:17 App is up to date.
2024-05-28 05:10:15 Checking for update using Github
2024-05-28 05:10:16 Success.
2024-05-28 05:10:16 Latest version is 1.5.12
2024-05-28 05:10:16 App is up to date.
2024-05-28 06:26:29 Checking for update using Github
2024-05-28 06:26:32 Success.
2024-05-28 06:26:32 Latest version is 1.5.12
2024-05-28 06:26:32 App is up to date.
2024-05-28 07:26:30 Checking for update using Github
2024-05-28 07:26:33 Success.
2024-05-28 07:26:33 Latest version is 1.5.12
2024-05-28 07:26:34 App is up to date.
2024-05-29 02:56:44 Loading main app package /usr/lib/obsidian/obsidian.asar
2024-05-29 02:57:27 Checking for update using Github
2024-05-29 02:57:33 Failed to check for update using Github (net::ERR_FAILED)
2024-05-29 02:57:33 Checking for update using obsidian.md
2024-05-29 02:57:33 Failed to check for update using obsidian.md (net::ERR_FAILED)
2024-05-29 20:01:36 Loading main app package /usr/lib/obsidian/obsidian.asar
2024-05-29 20:01:52 Checking for update using Github
2024-05-29 20:02:01 Success.
2024-05-29 20:02:01 Latest version is 1.5.12
2024-05-29 20:02:01 App is up to date.
2024-05-29 21:01:36 Checking for update using Github
2024-05-29 21:01:40 Success.
2024-05-29 21:01:40 Latest version is 1.5.12
2024-05-29 21:01:40 App is up to date.
2024-05-29 23:56:47 Checking for update using Github
2024-05-29 23:56:50 Success.
2024-05-29 23:56:50 Latest version is 1.5.12
2024-05-29 23:56:50 App is up to date.
2024-05-30 01:23:27 Checking for update using Github
2024-05-30 01:23:30 Success.
2024-05-30 01:23:30 Latest version is 1.5.12
2024-05-30 01:23:30 App is up to date.
2024-05-30 16:21:53 Loading main app package /usr/lib/obsidian/obsidian.asar
2024-05-30 16:22:05 Checking for update using Github
2024-05-30 16:22:11 Success.
2024-05-30 16:22:11 Latest version is 1.5.12
2024-05-30 16:22:11 App is up to date.
